[0m[[0m[0mdebug[0m] [0m[0m> Exec(compile, Some(a571aab0-65e2-4b53-8d0f-c353e74d69a3), Some(CommandSource(console0)))[0m
[0m[[0m[0mdebug[0m] [0m[0mEvaluating tasks: Compile / compile[0m
[0m[[0m[0mdebug[0m] [0m[0mRunning task... Cancel: Signal, check cycles: false, forcegc: true[0m
[0m[[0m[0minfo[0m] [0m[0mcompiling 11 Scala sources to /Users/dhirendrakashyap/Projects/minimal-zio-crud-api/target/scala-2.13/classes ...[0m
[0m[[0m[31merror[0m] [0m[0m/Users/dhirendrakashyap/Projects/minimal-zio-crud-api/src/main/scala/config/DbConfig.scala:25:28: not found: value nested[0m
[0m[[0m[31merror[0m] [0m[0m  val dbConfigDescriptor = nested("db-config")(descriptor[DbConfig])[0m
[0m[[0m[31merror[0m] [0m[0m                           ^[0m
[0m[[0m[33mwarn[0m] [0m[0m/Users/dhirendrakashyap/Projects/minimal-zio-crud-api/src/main/scala/Application.scala:22:15: [0m
[0m[[0m[33mwarn[0m] [0m[0m[0m
[0m[[0m[33mwarn[0m] [0m[0m[33m──── ZLAYER WARNING ──────────────────────────────────────────────────[0m[0m
[0m[[0m[33mwarn[0m] [0m[0m[0m
[0m[[0m[33mwarn[0m] [0m[0m [1mYou have provided more than is required.[0m[0m
[0m[[0m[33mwarn[0m] [0m[0m You may remove the following [1m3 layers[0m:[0m
[0m[[0m[33mwarn[0m] [0m[0m   [0m
[0m[[0m[33mwarn[0m] [0m[0m   [2m1.[0m [36mConnectionPool.live[0m[0m
[0m[[0m[33mwarn[0m] [0m[0m   [2m2.[0m [36mClock.live[0m[0m
[0m[[0m[33mwarn[0m] [0m[0m   [2m3.[0m [36mDbConfig.connectionPoolConfig[0m[0m
[0m[[0m[33mwarn[0m] [0m[0m  [0m
[0m[[0m[33mwarn[0m] [0m[0m[33m──────────────────────────────────────────────────────────────────────[0m[0m
[0m[[0m[33mwarn[0m] [0m[0m[0m
[0m[[0m[33mwarn[0m] [0m[0m      .provide([0m
[0m[[0m[33mwarn[0m] [0m[0m              ^[0m
[0m[[0m[33mwarn[0m] [0m[0mone warning found[0m
[0m[[0m[31merror[0m] [0m[0mone error found[0m
[0m[[0m[31merror[0m] [0m[0m(Compile / [31mcompileIncremental[0m) Compilation failed[0m
[0m[[0m[31merror[0m] [0m[0mTotal time: 7 s, completed 06-Apr-2022, 6:44:34 pm[0m
[0m[[0m[0mdebug[0m] [0m[0m> Exec(shell, None, None)[0m
